# JRE version: OpenJDK Runtime Environment (Zulu 8.78.0.19-CA-win64) (8.0_412-b08) (build 1.8.0_412-b08)
# Java VM: OpenJDK 64-Bit Server VM (25.412-b08 mixed mode windows-amd64 compressed oops)
Heap:
 PSYoungGen      total 305664K, used 101774K [0x00000000eab00000, 0x0000000100000000, 0x0000000100000000)
  eden space 262144K, 38% used [0x00000000eab00000,0x00000000f0e63b10,0x00000000fab00000)
  from space 43520K, 0% used [0x00000000fab00000,0x00000000fab00000,0x00000000fd580000)
  to   space 43520K, 0% used [0x00000000fd580000,0x00000000fd580000,0x0000000100000000)
 ParOldGen       total 699392K, used 48973K [0x00000000c0000000, 0x00000000eab00000, 0x00000000eab00000)
  object space 699392K, 7% used [0x00000000c0000000,0x00000000c2fd36d0,0x00000000eab00000)
 Metaspace       used 21107K, capacity 21327K, committed 21376K, reserved 1069056K
  class space    used 2331K, capacity 2408K, committed 2432K, reserved 1048576K
GC Heap History (10 events):
Event: 108.418 GC heap before
{Heap before GC invocations=2 (full 1):
 PSYoungGen      total 305664K, used 24730K [0x00000000eab00000, 0x0000000100000000, 0x0000000100000000)
  eden space 262144K, 0% used [0x00000000eab00000,0x00000000eab00000,0x00000000fab00000)
  from space 43520K, 56% used [0x00000000fab00000,0x00000000fc326948,0x00000000fd580000)
  to   space 43520K, 0% used [0x00000000fd580000,0x00000000fd580000,0x0000000100000000)
 ParOldGen       total 699392K, used 88K [0x00000000c0000000, 0x00000000eab00000, 0x00000000eab00000)
  object space 699392K, 0% used [0x00000000c0000000,0x00000000c0016010,0x00000000eab00000)
 Metaspace       used 20017K, capacity 20239K, committed 20352K, reserved 1067008K
  class space    used 2256K, capacity 2344K, committed 2432K, reserved 1048576K
Event: 108.599 GC heap after
Heap after GC invocations=2 (full 1):
 PSYoungGen      total 305664K, used 0K [0x00000000eab00000, 0x0000000100000000, 0x0000000100000000)
  eden space 262144K, 0% used [0x00000000eab00000,0x00000000eab00000,0x00000000fab00000)
  from space 43520K, 0% used [0x00000000fab00000,0x00000000fab00000,0x00000000fd580000)
  to   space 43520K, 0% used [0x00000000fd580000,0x00000000fd580000,0x0000000100000000)
 ParOldGen       total 699392K, used 24617K [0x00000000c0000000, 0x00000000eab00000, 0x00000000eab00000)
  object space 699392K, 3% used [0x00000000c0000000,0x00000000c180a790,0x00000000eab00000)
 Metaspace       used 20017K, capacity 20239K, committed 20352K, reserved 1067008K
  class space    used 2256K, capacity 2344K, committed 2432K, reserved 1048576K
}
Event: 108.600 GC heap before
{Heap before GC invocations=3 (full 1):
 PSYoungGen      total 305664K, used 0K [0x00000000eab00000, 0x0000000100000000, 0x0000000100000000)
  eden space 262144K, 0% used [0x00000000eab00000,0x00000000eab00060,0x00000000fab00000)
  from space 43520K, 0% used [0x00000000fab00000,0x00000000fab00000,0x00000000fd580000)
  to   space 43520K, 0% used [0x00000000fd580000,0x00000000fd580000,0x0000000100000000)
 ParOldGen       total 699392K, used 24617K [0x00000000c0000000, 0x00000000eab00000, 0x00000000eab00000)
  object space 699392K, 3% used [0x00000000c0000000,0x00000000c180a790,0x00000000eab00000)
 Metaspace       used 20017K, capacity 20239K, committed 20352K, reserved 1067008K
  class space    used 2256K, capacity 2344K, committed 2432K, reserved 1048576K
Event: 108.603 GC heap after
Heap after GC invocations=3 (full 1):
 PSYoungGen      total 305664K, used 0K [0x00000000eab00000, 0x0000000100000000, 0x0000000100000000)
  eden space 262144K, 0% used [0x00000000eab00000,0x00000000eab00000,0x00000000fab00000)
  from space 43520K, 0% used [0x00000000fd580000,0x00000000fd580000,0x0000000100000000)
  to   space 43520K, 0% used [0x00000000fab00000,0x00000000fab00000,0x00000000fd580000)
 ParOldGen       total 699392K, used 24617K [0x00000000c0000000, 0x00000000eab00000, 0x00000000eab00000)
  object space 699392K, 3% used [0x00000000c0000000,0x00000000c180a790,0x00000000eab00000)
 Metaspace       used 20017K, capacity 20239K, committed 20352K, reserved 1067008K
  class space    used 2256K, capacity 2344K, committed 2432K, reserved 1048576K
}
Event: 108.603 GC heap before
{Heap before GC invocations=4 (full 2):
 PSYoungGen      total 305664K, used 0K [0x00000000eab00000, 0x0000000100000000, 0x0000000100000000)
  eden space 262144K, 0% used [0x00000000eab00000,0x00000000eab00000,0x00000000fab00000)
  from space 43520K, 0% used [0x00000000fd580000,0x00000000fd580000,0x0000000100000000)
  to   space 43520K, 0% used [0x00000000fab00000,0x00000000fab00000,0x00000000fd580000)
 ParOldGen       total 699392K, used 24617K [0x00000000c0000000, 0x00000000eab00000, 0x00000000eab00000)
  object space 699392K, 3% used [0x00000000c0000000,0x00000000c180a790,0x00000000eab00000)
 Metaspace       used 20017K, capacity 20239K, committed 20352K, reserved 1067008K
  class space    used 2256K, capacity 2344K, committed 2432K, reserved 1048576K
Event: 108.730 GC heap after
Heap after GC invocations=4 (full 2):
 PSYoungGen      total 305664K, used 0K [0x00000000eab00000, 0x0000000100000000, 0x0000000100000000)
  eden space 262144K, 0% used [0x00000000eab00000,0x00000000eab00000,0x00000000fab00000)
  from space 43520K, 0% used [0x00000000fd580000,0x00000000fd580000,0x0000000100000000)
  to   space 43520K, 0% used [0x00000000fab00000,0x00000000fab00000,0x00000000fd580000)
 ParOldGen       total 699392K, used 24617K [0x00000000c0000000, 0x00000000eab00000, 0x00000000eab00000)
  object space 699392K, 3% used [0x00000000c0000000,0x00000000c180a658,0x00000000eab00000)
 Metaspace       used 20017K, capacity 20239K, committed 20352K, reserved 1067008K
  class space    used 2256K, capacity 2344K, committed 2432K, reserved 1048576K
}
Event: 111.519 GC heap before
{Heap before GC invocations=5 (full 2):
 PSYoungGen      total 305664K, used 47250K [0x00000000eab00000, 0x0000000100000000, 0x0000000100000000)
  eden space 262144K, 18% used [0x00000000eab00000,0x00000000ed924800,0x00000000fab00000)
  from space 43520K, 0% used [0x00000000fd580000,0x00000000fd580000,0x0000000100000000)
  to   space 43520K, 0% used [0x00000000fab00000,0x00000000fab00000,0x00000000fd580000)
 ParOldGen       total 699392K, used 24617K [0x00000000c0000000, 0x00000000eab00000, 0x00000000eab00000)
  object space 699392K, 3% used [0x00000000c0000000,0x00000000c180a658,0x00000000eab00000)
 Metaspace       used 20605K, capacity 20847K, committed 21120K, reserved 1069056K
  class space    used 2311K, capacity 2376K, committed 2432K, reserved 1048576K
Event: 111.540 GC heap after
Heap after GC invocations=5 (full 2):
 PSYoungGen      total 305664K, used 25663K [0x00000000eab00000, 0x0000000100000000, 0x0000000100000000)
  eden space 262144K, 0% used [0x00000000eab00000,0x00000000eab00000,0x00000000fab00000)
  from space 43520K, 58% used [0x00000000fab00000,0x00000000fc40ff50,0x00000000fd580000)
  to   space 43520K, 0% used [0x00000000fd580000,0x00000000fd580000,0x0000000100000000)
 ParOldGen       total 699392K, used 24625K [0x00000000c0000000, 0x00000000eab00000, 0x00000000eab00000)
  object space 699392K, 3% used [0x00000000c0000000,0x00000000c180c658,0x00000000eab00000)
 Metaspace       used 20605K, capacity 20847K, committed 21120K, reserved 1069056K
  class space    used 2311K, capacity 2376K, committed 2432K, reserved 1048576K
}
Event: 111.540 GC heap before
{Heap before GC invocations=6 (full 3):
 PSYoungGen      total 305664K, used 25663K [0x00000000eab00000, 0x0000000100000000, 0x0000000100000000)
  eden space 262144K, 0% used [0x00000000eab00000,0x00000000eab00000,0x00000000fab00000)
  from space 43520K, 58% used [0x00000000fab00000,0x00000000fc40ff50,0x00000000fd580000)
  to   space 43520K, 0% used [0x00000000fd580000,0x00000000fd580000,0x0000000100000000)
 ParOldGen       total 699392K, used 24625K [0x00000000c0000000, 0x00000000eab00000, 0x00000000eab00000)
  object space 699392K, 3% used [0x00000000c0000000,0x00000000c180c658,0x00000000eab00000)
 Metaspace       used 20605K, capacity 20847K, committed 21120K, reserved 1069056K
  class space    used 2311K, capacity 2376K, committed 2432K, reserved 1048576K
Event: 111.716 GC heap after
Heap after GC invocations=6 (full 3):
 PSYoungGen      total 305664K, used 0K [0x00000000eab00000, 0x0000000100000000, 0x0000000100000000)
  eden space 262144K, 0% used [0x00000000eab00000,0x00000000eab00000,0x00000000fab00000)
  from space 43520K, 0% used [0x00000000fab00000,0x00000000fab00000,0x00000000fd580000)
  to   space 43520K, 0% used [0x00000000fd580000,0x00000000fd580000,0x0000000100000000)
 ParOldGen       total 699392K, used 48973K [0x00000000c0000000, 0x00000000eab00000, 0x00000000eab00000)
  object space 699392K, 7% used [0x00000000c0000000,0x00000000c2fd36d0,0x00000000eab00000)
 Metaspace       used 20605K, capacity 20847K, committed 21120K, reserved 1069056K
  class space    used 2311K, capacity 2376K, committed 2432K, reserved 1048576K
}

