# JRE version: OpenJDK Runtime Environment (Zulu 8.78.0.19-CA-win64) (8.0_412-b08) (build 1.8.0_412-b08)
# Java VM: OpenJDK 64-Bit Server VM (25.412-b08 mixed mode windows-amd64 compressed oops)
Heap:
 PSYoungGen      total 305664K, used 124189K [0x00000000eab00000, 0x0000000100000000, 0x0000000100000000)
  eden space 262144K, 47% used [0x00000000eab00000,0x00000000f2447780,0x00000000fab00000)
  from space 43520K, 0% used [0x00000000fab00000,0x00000000fab00000,0x00000000fd580000)
  to   space 43520K, 0% used [0x00000000fd580000,0x00000000fd580000,0x0000000100000000)
 ParOldGen       total 699392K, used 49322K [0x00000000c0000000, 0x00000000eab00000, 0x00000000eab00000)
  object space 699392K, 7% used [0x00000000c0000000,0x00000000c302aa68,0x00000000eab00000)
 Metaspace       used 22024K, capacity 22295K, committed 22528K, reserved 1069056K
  class space    used 2411K, capacity 2484K, committed 2560K, reserved 1048576K
GC Heap History (10 events):
Event: 11.604 GC heap before
{Heap before GC invocations=2 (full 1):
 PSYoungGen      total 305664K, used 24756K [0x00000000eab00000, 0x0000000100000000, 0x0000000100000000)
  eden space 262144K, 0% used [0x00000000eab00000,0x00000000eab00000,0x00000000fab00000)
  from space 43520K, 56% used [0x00000000fab00000,0x00000000fc32d0f0,0x00000000fd580000)
  to   space 43520K, 0% used [0x00000000fd580000,0x00000000fd580000,0x0000000100000000)
 ParOldGen       total 699392K, used 96K [0x00000000c0000000, 0x00000000eab00000, 0x00000000eab00000)
  object space 699392K, 0% used [0x00000000c0000000,0x00000000c0018010,0x00000000eab00000)
 Metaspace       used 20025K, capacity 20239K, committed 20352K, reserved 1067008K
  class space    used 2284K, capacity 2344K, committed 2432K, reserved 1048576K
Event: 11.769 GC heap after
Heap after GC invocations=2 (full 1):
 PSYoungGen      total 305664K, used 0K [0x00000000eab00000, 0x0000000100000000, 0x0000000100000000)
  eden space 262144K, 0% used [0x00000000eab00000,0x00000000eab00000,0x00000000fab00000)
  from space 43520K, 0% used [0x00000000fab00000,0x00000000fab00000,0x00000000fd580000)
  to   space 43520K, 0% used [0x00000000fd580000,0x00000000fd580000,0x0000000100000000)
 ParOldGen       total 699392K, used 24681K [0x00000000c0000000, 0x00000000eab00000, 0x00000000eab00000)
  object space 699392K, 3% used [0x00000000c0000000,0x00000000c181a658,0x00000000eab00000)
 Metaspace       used 20025K, capacity 20239K, committed 20352K, reserved 1067008K
  class space    used 2284K, capacity 2344K, committed 2432K, reserved 1048576K
}
Event: 11.770 GC heap before
{Heap before GC invocations=3 (full 1):
 PSYoungGen      total 305664K, used 5242K [0x00000000eab00000, 0x0000000100000000, 0x0000000100000000)
  eden space 262144K, 2% used [0x00000000eab00000,0x00000000eb01eb98,0x00000000fab00000)
  from space 43520K, 0% used [0x00000000fab00000,0x00000000fab00000,0x00000000fd580000)
  to   space 43520K, 0% used [0x00000000fd580000,0x00000000fd580000,0x0000000100000000)
 ParOldGen       total 699392K, used 24681K [0x00000000c0000000, 0x00000000eab00000, 0x00000000eab00000)
  object space 699392K, 3% used [0x00000000c0000000,0x00000000c181a658,0x00000000eab00000)
 Metaspace       used 20025K, capacity 20239K, committed 20352K, reserved 1067008K
  class space    used 2284K, capacity 2344K, committed 2432K, reserved 1048576K
Event: 11.773 GC heap after
Heap after GC invocations=3 (full 1):
 PSYoungGen      total 305664K, used 32K [0x00000000eab00000, 0x0000000100000000, 0x0000000100000000)
  eden space 262144K, 0% used [0x00000000eab00000,0x00000000eab00000,0x00000000fab00000)
  from space 43520K, 0% used [0x00000000fd580000,0x00000000fd588000,0x0000000100000000)
  to   space 43520K, 0% used [0x00000000fab00000,0x00000000fab00000,0x00000000fd580000)
 ParOldGen       total 699392K, used 24681K [0x00000000c0000000, 0x00000000eab00000, 0x00000000eab00000)
  object space 699392K, 3% used [0x00000000c0000000,0x00000000c181a658,0x00000000eab00000)
 Metaspace       used 20025K, capacity 20239K, committed 20352K, reserved 1067008K
  class space    used 2284K, capacity 2344K, committed 2432K, reserved 1048576K
}
Event: 11.773 GC heap before
{Heap before GC invocations=4 (full 2):
 PSYoungGen      total 305664K, used 32K [0x00000000eab00000, 0x0000000100000000, 0x0000000100000000)
  eden space 262144K, 0% used [0x00000000eab00000,0x00000000eab00000,0x00000000fab00000)
  from space 43520K, 0% used [0x00000000fd580000,0x00000000fd588000,0x0000000100000000)
  to   space 43520K, 0% used [0x00000000fab00000,0x00000000fab00000,0x00000000fd580000)
 ParOldGen       total 699392K, used 24681K [0x00000000c0000000, 0x00000000eab00000, 0x00000000eab00000)
  object space 699392K, 3% used [0x00000000c0000000,0x00000000c181a658,0x00000000eab00000)
 Metaspace       used 20025K, capacity 20239K, committed 20352K, reserved 1067008K
  class space    used 2284K, capacity 2344K, committed 2432K, reserved 1048576K
Event: 11.909 GC heap after
Heap after GC invocations=4 (full 2):
 PSYoungGen      total 305664K, used 0K [0x00000000eab00000, 0x0000000100000000, 0x0000000100000000)
  eden space 262144K, 0% used [0x00000000eab00000,0x00000000eab00000,0x00000000fab00000)
  from space 43520K, 0% used [0x00000000fd580000,0x00000000fd580000,0x0000000100000000)
  to   space 43520K, 0% used [0x00000000fab00000,0x00000000fab00000,0x00000000fd580000)
 ParOldGen       total 699392K, used 24677K [0x00000000c0000000, 0x00000000eab00000, 0x00000000eab00000)
  object space 699392K, 3% used [0x00000000c0000000,0x00000000c1819440,0x00000000eab00000)
 Metaspace       used 20025K, capacity 20239K, committed 20352K, reserved 1067008K
  class space    used 2284K, capacity 2344K, committed 2432K, reserved 1048576K
}
Event: 13.205 GC heap before
{Heap before GC invocations=5 (full 2):
 PSYoungGen      total 305664K, used 52444K [0x00000000eab00000, 0x0000000100000000, 0x0000000100000000)
  eden space 262144K, 20% used [0x00000000eab00000,0x00000000ede37378,0x00000000fab00000)
  from space 43520K, 0% used [0x00000000fd580000,0x00000000fd580000,0x0000000100000000)
  to   space 43520K, 0% used [0x00000000fab00000,0x00000000fab00000,0x00000000fd580000)
 ParOldGen       total 699392K, used 24677K [0x00000000c0000000, 0x00000000eab00000, 0x00000000eab00000)
  object space 699392K, 3% used [0x00000000c0000000,0x00000000c1819440,0x00000000eab00000)
 Metaspace       used 20918K, capacity 21173K, committed 21504K, reserved 1069056K
  class space    used 2377K, capacity 2441K, committed 2560K, reserved 1048576K
Event: 13.226 GC heap after
Heap after GC invocations=5 (full 2):
 PSYoungGen      total 305664K, used 25983K [0x00000000eab00000, 0x0000000100000000, 0x0000000100000000)
  eden space 262144K, 0% used [0x00000000eab00000,0x00000000eab00000,0x00000000fab00000)
  from space 43520K, 59% used [0x00000000fab00000,0x00000000fc45ff50,0x00000000fd580000)
  to   space 43520K, 0% used [0x00000000fd580000,0x00000000fd580000,0x0000000100000000)
 ParOldGen       total 699392K, used 24685K [0x00000000c0000000, 0x00000000eab00000, 0x00000000eab00000)
  object space 699392K, 3% used [0x00000000c0000000,0x00000000c181b440,0x00000000eab00000)
 Metaspace       used 20918K, capacity 21173K, committed 21504K, reserved 1069056K
  class space    used 2377K, capacity 2441K, committed 2560K, reserved 1048576K
}
Event: 13.226 GC heap before
{Heap before GC invocations=6 (full 3):
 PSYoungGen      total 305664K, used 25983K [0x00000000eab00000, 0x0000000100000000, 0x0000000100000000)
  eden space 262144K, 0% used [0x00000000eab00000,0x00000000eab00000,0x00000000fab00000)
  from space 43520K, 59% used [0x00000000fab00000,0x00000000fc45ff50,0x00000000fd580000)
  to   space 43520K, 0% used [0x00000000fd580000,0x00000000fd580000,0x0000000100000000)
 ParOldGen       total 699392K, used 24685K [0x00000000c0000000, 0x00000000eab00000, 0x00000000eab00000)
  object space 699392K, 3% used [0x00000000c0000000,0x00000000c181b440,0x00000000eab00000)
 Metaspace       used 20918K, capacity 21173K, committed 21504K, reserved 1069056K
  class space    used 2377K, capacity 2441K, committed 2560K, reserved 1048576K
Event: 13.415 GC heap after
Heap after GC invocations=6 (full 3):
 PSYoungGen      total 305664K, used 0K [0x00000000eab00000, 0x0000000100000000, 0x0000000100000000)
  eden space 262144K, 0% used [0x00000000eab00000,0x00000000eab00000,0x00000000fab00000)
  from space 43520K, 0% used [0x00000000fab00000,0x00000000fab00000,0x00000000fd580000)
  to   space 43520K, 0% used [0x00000000fd580000,0x00000000fd580000,0x0000000100000000)
 ParOldGen       total 699392K, used 49322K [0x00000000c0000000, 0x00000000eab00000, 0x00000000eab00000)
  object space 699392K, 7% used [0x00000000c0000000,0x00000000c302aa68,0x00000000eab00000)
 Metaspace       used 20918K, capacity 21173K, committed 21504K, reserved 1069056K
  class space    used 2377K, capacity 2441K, committed 2560K, reserved 1048576K
}

