# JRE version: OpenJDK Runtime Environment (Zulu 8.78.0.19-CA-win64) (8.0_412-b08) (build 1.8.0_412-b08)
# Java VM: OpenJDK 64-Bit Server VM (25.412-b08 mixed mode windows-amd64 compressed oops)
Heap:
 PSYoungGen      total 305664K, used 88196K [0x00000000eab00000, 0x0000000100000000, 0x0000000100000000)
  eden space 262144K, 33% used [0x00000000eab00000,0x00000000f01211d0,0x00000000fab00000)
  from space 43520K, 0% used [0x00000000fab00000,0x00000000fab00000,0x00000000fd580000)
  to   space 43520K, 0% used [0x00000000fd580000,0x00000000fd580000,0x0000000100000000)
 ParOldGen       total 699392K, used 49025K [0x00000000c0000000, 0x00000000eab00000, 0x00000000eab00000)
  object space 699392K, 7% used [0x00000000c0000000,0x00000000c2fe04e8,0x00000000eab00000)
 Metaspace       used 21091K, capacity 21327K, committed 21376K, reserved 1069056K
  class space    used 2349K, capacity 2408K, committed 2432K, reserved 1048576K
GC Heap History (10 events):
Event: 16.474 GC heap before
{Heap before GC invocations=2 (full 1):
 PSYoungGen      total 305664K, used 24758K [0x00000000eab00000, 0x0000000100000000, 0x0000000100000000)
  eden space 262144K, 0% used [0x00000000eab00000,0x00000000eab00000,0x00000000fab00000)
  from space 43520K, 56% used [0x00000000fab00000,0x00000000fc32d948,0x00000000fd580000)
  to   space 43520K, 0% used [0x00000000fd580000,0x00000000fd580000,0x0000000100000000)
 ParOldGen       total 699392K, used 96K [0x00000000c0000000, 0x00000000eab00000, 0x00000000eab00000)
  object space 699392K, 0% used [0x00000000c0000000,0x00000000c0018010,0x00000000eab00000)
 Metaspace       used 20091K, capacity 20303K, committed 20608K, reserved 1067008K
  class space    used 2275K, capacity 2344K, committed 2432K, reserved 1048576K
Event: 16.627 GC heap after
Heap after GC invocations=2 (full 1):
 PSYoungGen      total 305664K, used 0K [0x00000000eab00000, 0x0000000100000000, 0x0000000100000000)
  eden space 262144K, 0% used [0x00000000eab00000,0x00000000eab00000,0x00000000fab00000)
  from space 43520K, 0% used [0x00000000fab00000,0x00000000fab00000,0x00000000fd580000)
  to   space 43520K, 0% used [0x00000000fd580000,0x00000000fd580000,0x0000000100000000)
 ParOldGen       total 699392K, used 24682K [0x00000000c0000000, 0x00000000eab00000, 0x00000000eab00000)
  object space 699392K, 3% used [0x00000000c0000000,0x00000000c181abe0,0x00000000eab00000)
 Metaspace       used 20091K, capacity 20303K, committed 20608K, reserved 1067008K
  class space    used 2275K, capacity 2344K, committed 2432K, reserved 1048576K
}
Event: 16.627 GC heap before
{Heap before GC invocations=3 (full 1):
 PSYoungGen      total 305664K, used 5242K [0x00000000eab00000, 0x0000000100000000, 0x0000000100000000)
  eden space 262144K, 2% used [0x00000000eab00000,0x00000000eb01eb98,0x00000000fab00000)
  from space 43520K, 0% used [0x00000000fab00000,0x00000000fab00000,0x00000000fd580000)
  to   space 43520K, 0% used [0x00000000fd580000,0x00000000fd580000,0x0000000100000000)
 ParOldGen       total 699392K, used 24682K [0x00000000c0000000, 0x00000000eab00000, 0x00000000eab00000)
  object space 699392K, 3% used [0x00000000c0000000,0x00000000c181abe0,0x00000000eab00000)
 Metaspace       used 20091K, capacity 20303K, committed 20608K, reserved 1067008K
  class space    used 2275K, capacity 2344K, committed 2432K, reserved 1048576K
Event: 16.631 GC heap after
Heap after GC invocations=3 (full 1):
 PSYoungGen      total 305664K, used 32K [0x00000000eab00000, 0x0000000100000000, 0x0000000100000000)
  eden space 262144K, 0% used [0x00000000eab00000,0x00000000eab00000,0x00000000fab00000)
  from space 43520K, 0% used [0x00000000fd580000,0x00000000fd588000,0x0000000100000000)
  to   space 43520K, 0% used [0x00000000fab00000,0x00000000fab00000,0x00000000fd580000)
 ParOldGen       total 699392K, used 24682K [0x00000000c0000000, 0x00000000eab00000, 0x00000000eab00000)
  object space 699392K, 3% used [0x00000000c0000000,0x00000000c181abe0,0x00000000eab00000)
 Metaspace       used 20091K, capacity 20303K, committed 20608K, reserved 1067008K
  class space    used 2275K, capacity 2344K, committed 2432K, reserved 1048576K
}
Event: 16.631 GC heap before
{Heap before GC invocations=4 (full 2):
 PSYoungGen      total 305664K, used 32K [0x00000000eab00000, 0x0000000100000000, 0x0000000100000000)
  eden space 262144K, 0% used [0x00000000eab00000,0x00000000eab00000,0x00000000fab00000)
  from space 43520K, 0% used [0x00000000fd580000,0x00000000fd588000,0x0000000100000000)
  to   space 43520K, 0% used [0x00000000fab00000,0x00000000fab00000,0x00000000fd580000)
 ParOldGen       total 699392K, used 24682K [0x00000000c0000000, 0x00000000eab00000, 0x00000000eab00000)
  object space 699392K, 3% used [0x00000000c0000000,0x00000000c181abe0,0x00000000eab00000)
 Metaspace       used 20091K, capacity 20303K, committed 20608K, reserved 1067008K
  class space    used 2275K, capacity 2344K, committed 2432K, reserved 1048576K
Event: 16.763 GC heap after
Heap after GC invocations=4 (full 2):
 PSYoungGen      total 305664K, used 0K [0x00000000eab00000, 0x0000000100000000, 0x0000000100000000)
  eden space 262144K, 0% used [0x00000000eab00000,0x00000000eab00000,0x00000000fab00000)
  from space 43520K, 0% used [0x00000000fd580000,0x00000000fd580000,0x0000000100000000)
  to   space 43520K, 0% used [0x00000000fab00000,0x00000000fab00000,0x00000000fd580000)
 ParOldGen       total 699392K, used 24680K [0x00000000c0000000, 0x00000000eab00000, 0x00000000eab00000)
  object space 699392K, 3% used [0x00000000c0000000,0x00000000c181a0d0,0x00000000eab00000)
 Metaspace       used 20091K, capacity 20303K, committed 20608K, reserved 1067008K
  class space    used 2275K, capacity 2344K, committed 2432K, reserved 1048576K
}
Event: 17.884 GC heap before
{Heap before GC invocations=5 (full 2):
 PSYoungGen      total 305664K, used 47250K [0x00000000eab00000, 0x0000000100000000, 0x0000000100000000)
  eden space 262144K, 18% used [0x00000000eab00000,0x00000000ed924800,0x00000000fab00000)
  from space 43520K, 0% used [0x00000000fd580000,0x00000000fd580000,0x0000000100000000)
  to   space 43520K, 0% used [0x00000000fab00000,0x00000000fab00000,0x00000000fd580000)
 ParOldGen       total 699392K, used 24680K [0x00000000c0000000, 0x00000000eab00000, 0x00000000eab00000)
  object space 699392K, 3% used [0x00000000c0000000,0x00000000c181a0d0,0x00000000eab00000)
 Metaspace       used 20668K, capacity 20943K, committed 21120K, reserved 1069056K
  class space    used 2330K, capacity 2408K, committed 2432K, reserved 1048576K
Event: 17.904 GC heap after
Heap after GC invocations=5 (full 2):
 PSYoungGen      total 305664K, used 25663K [0x00000000eab00000, 0x0000000100000000, 0x0000000100000000)
  eden space 262144K, 0% used [0x00000000eab00000,0x00000000eab00000,0x00000000fab00000)
  from space 43520K, 58% used [0x00000000fab00000,0x00000000fc40ff30,0x00000000fd580000)
  to   space 43520K, 0% used [0x00000000fd580000,0x00000000fd580000,0x0000000100000000)
 ParOldGen       total 699392K, used 24688K [0x00000000c0000000, 0x00000000eab00000, 0x00000000eab00000)
  object space 699392K, 3% used [0x00000000c0000000,0x00000000c181c0d0,0x00000000eab00000)
 Metaspace       used 20668K, capacity 20943K, committed 21120K, reserved 1069056K
  class space    used 2330K, capacity 2408K, committed 2432K, reserved 1048576K
}
Event: 17.904 GC heap before
{Heap before GC invocations=6 (full 3):
 PSYoungGen      total 305664K, used 25663K [0x00000000eab00000, 0x0000000100000000, 0x0000000100000000)
  eden space 262144K, 0% used [0x00000000eab00000,0x00000000eab00000,0x00000000fab00000)
  from space 43520K, 58% used [0x00000000fab00000,0x00000000fc40ff30,0x00000000fd580000)
  to   space 43520K, 0% used [0x00000000fd580000,0x00000000fd580000,0x0000000100000000)
 ParOldGen       total 699392K, used 24688K [0x00000000c0000000, 0x00000000eab00000, 0x00000000eab00000)
  object space 699392K, 3% used [0x00000000c0000000,0x00000000c181c0d0,0x00000000eab00000)
 Metaspace       used 20668K, capacity 20943K, committed 21120K, reserved 1069056K
  class space    used 2330K, capacity 2408K, committed 2432K, reserved 1048576K
Event: 18.100 GC heap after
Heap after GC invocations=6 (full 3):
 PSYoungGen      total 305664K, used 0K [0x00000000eab00000, 0x0000000100000000, 0x0000000100000000)
  eden space 262144K, 0% used [0x00000000eab00000,0x00000000eab00000,0x00000000fab00000)
  from space 43520K, 0% used [0x00000000fab00000,0x00000000fab00000,0x00000000fd580000)
  to   space 43520K, 0% used [0x00000000fd580000,0x00000000fd580000,0x0000000100000000)
 ParOldGen       total 699392K, used 49025K [0x00000000c0000000, 0x00000000eab00000, 0x00000000eab00000)
  object space 699392K, 7% used [0x00000000c0000000,0x00000000c2fe04e8,0x00000000eab00000)
 Metaspace       used 20668K, capacity 20943K, committed 21120K, reserved 1069056K
  class space    used 2330K, capacity 2408K, committed 2432K, reserved 1048576K
}

