# JRE version: OpenJDK Runtime Environment (Zulu 8.78.0.19-CA-win64) (8.0_412-b08) (build 1.8.0_412-b08)
# Java VM: OpenJDK 64-Bit Server VM (25.412-b08 mixed mode windows-amd64 compressed oops)
Heap:
 PSYoungGen      total 305664K, used 47186K [0x00000000eab00000, 0x0000000100000000, 0x0000000100000000)
  eden space 262144K, 18% used [0x00000000eab00000,0x00000000ed914af0,0x00000000fab00000)
  from space 43520K, 0% used [0x00000000fab00000,0x00000000fab00000,0x00000000fd580000)
  to   space 43520K, 0% used [0x00000000fd580000,0x00000000fd580000,0x0000000100000000)
 ParOldGen       total 699392K, used 53103K [0x00000000c0000000, 0x00000000eab00000, 0x00000000eab00000)
  object space 699392K, 7% used [0x00000000c0000000,0x00000000c33dbea8,0x00000000eab00000)
 Metaspace       used 21246K, capacity 21519K, committed 21632K, reserved 1069056K
  class space    used 2318K, capacity 2408K, committed 2432K, reserved 1048576K
GC Heap History (10 events):
Event: 29.762 GC heap before
{Heap before GC invocations=2 (full 1):
 PSYoungGen      total 305664K, used 28213K [0x00000000eab00000, 0x0000000100000000, 0x0000000100000000)
  eden space 262144K, 0% used [0x00000000eab00000,0x00000000eab00000,0x00000000fab00000)
  from space 43520K, 64% used [0x00000000fab00000,0x00000000fc68d668,0x00000000fd580000)
  to   space 43520K, 0% used [0x00000000fd580000,0x00000000fd580000,0x0000000100000000)
 ParOldGen       total 699392K, used 88K [0x00000000c0000000, 0x00000000eab00000, 0x00000000eab00000)
  object space 699392K, 0% used [0x00000000c0000000,0x00000000c0016010,0x00000000eab00000)
 Metaspace       used 19626K, capacity 19855K, committed 19968K, reserved 1067008K
  class space    used 2210K, capacity 2280K, committed 2304K, reserved 1048576K
Event: 30.006 GC heap after
Heap after GC invocations=2 (full 1):
 PSYoungGen      total 305664K, used 0K [0x00000000eab00000, 0x0000000100000000, 0x0000000100000000)
  eden space 262144K, 0% used [0x00000000eab00000,0x00000000eab00000,0x00000000fab00000)
  from space 43520K, 0% used [0x00000000fab00000,0x00000000fab00000,0x00000000fd580000)
  to   space 43520K, 0% used [0x00000000fd580000,0x00000000fd580000,0x0000000100000000)
 ParOldGen       total 699392K, used 28163K [0x00000000c0000000, 0x00000000eab00000, 0x00000000eab00000)
  object space 699392K, 4% used [0x00000000c0000000,0x00000000c1b80cd0,0x00000000eab00000)
 Metaspace       used 19626K, capacity 19855K, committed 19968K, reserved 1067008K
  class space    used 2210K, capacity 2280K, committed 2304K, reserved 1048576K
}
Event: 30.007 GC heap before
{Heap before GC invocations=3 (full 1):
 PSYoungGen      total 305664K, used 0K [0x00000000eab00000, 0x0000000100000000, 0x0000000100000000)
  eden space 262144K, 0% used [0x00000000eab00000,0x00000000eab00000,0x00000000fab00000)
  from space 43520K, 0% used [0x00000000fab00000,0x00000000fab00000,0x00000000fd580000)
  to   space 43520K, 0% used [0x00000000fd580000,0x00000000fd580000,0x0000000100000000)
 ParOldGen       total 699392K, used 28163K [0x00000000c0000000, 0x00000000eab00000, 0x00000000eab00000)
  object space 699392K, 4% used [0x00000000c0000000,0x00000000c1b80cd0,0x00000000eab00000)
 Metaspace       used 19626K, capacity 19855K, committed 19968K, reserved 1067008K
  class space    used 2210K, capacity 2280K, committed 2304K, reserved 1048576K
Event: 30.010 GC heap after
Heap after GC invocations=3 (full 1):
 PSYoungGen      total 305664K, used 0K [0x00000000eab00000, 0x0000000100000000, 0x0000000100000000)
  eden space 262144K, 0% used [0x00000000eab00000,0x00000000eab00000,0x00000000fab00000)
  from space 43520K, 0% used [0x00000000fd580000,0x00000000fd580000,0x0000000100000000)
  to   space 43520K, 0% used [0x00000000fab00000,0x00000000fab00000,0x00000000fd580000)
 ParOldGen       total 699392K, used 28163K [0x00000000c0000000, 0x00000000eab00000, 0x00000000eab00000)
  object space 699392K, 4% used [0x00000000c0000000,0x00000000c1b80cd0,0x00000000eab00000)
 Metaspace       used 19626K, capacity 19855K, committed 19968K, reserved 1067008K
  class space    used 2210K, capacity 2280K, committed 2304K, reserved 1048576K
}
Event: 30.010 GC heap before
{Heap before GC invocations=4 (full 2):
 PSYoungGen      total 305664K, used 0K [0x00000000eab00000, 0x0000000100000000, 0x0000000100000000)
  eden space 262144K, 0% used [0x00000000eab00000,0x00000000eab00000,0x00000000fab00000)
  from space 43520K, 0% used [0x00000000fd580000,0x00000000fd580000,0x0000000100000000)
  to   space 43520K, 0% used [0x00000000fab00000,0x00000000fab00000,0x00000000fd580000)
 ParOldGen       total 699392K, used 28163K [0x00000000c0000000, 0x00000000eab00000, 0x00000000eab00000)
  object space 699392K, 4% used [0x00000000c0000000,0x00000000c1b80cd0,0x00000000eab00000)
 Metaspace       used 19626K, capacity 19855K, committed 19968K, reserved 1067008K
  class space    used 2210K, capacity 2280K, committed 2304K, reserved 1048576K
Event: 30.170 GC heap after
Heap after GC invocations=4 (full 2):
 PSYoungGen      total 305664K, used 0K [0x00000000eab00000, 0x0000000100000000, 0x0000000100000000)
  eden space 262144K, 0% used [0x00000000eab00000,0x00000000eab00000,0x00000000fab00000)
  from space 43520K, 0% used [0x00000000fd580000,0x00000000fd580000,0x0000000100000000)
  to   space 43520K, 0% used [0x00000000fab00000,0x00000000fab00000,0x00000000fd580000)
 ParOldGen       total 699392K, used 28162K [0x00000000c0000000, 0x00000000eab00000, 0x00000000eab00000)
  object space 699392K, 4% used [0x00000000c0000000,0x00000000c1b80be0,0x00000000eab00000)
 Metaspace       used 19626K, capacity 19855K, committed 19968K, reserved 1067008K
  class space    used 2210K, capacity 2280K, committed 2304K, reserved 1048576K
}
Event: 36.812 GC heap before
{Heap before GC invocations=5 (full 2):
 PSYoungGen      total 305664K, used 52460K [0x00000000eab00000, 0x0000000100000000, 0x0000000100000000)
  eden space 262144K, 20% used [0x00000000eab00000,0x00000000ede3b3b8,0x00000000fab00000)
  from space 43520K, 0% used [0x00000000fd580000,0x00000000fd580000,0x0000000100000000)
  to   space 43520K, 0% used [0x00000000fab00000,0x00000000fab00000,0x00000000fd580000)
 ParOldGen       total 699392K, used 28162K [0x00000000c0000000, 0x00000000eab00000, 0x00000000eab00000)
  object space 699392K, 4% used [0x00000000c0000000,0x00000000c1b80be0,0x00000000eab00000)
 Metaspace       used 20426K, capacity 20719K, committed 20864K, reserved 1067008K
  class space    used 2290K, capacity 2376K, committed 2432K, reserved 1048576K
Event: 36.829 GC heap after
Heap after GC invocations=5 (full 2):
 PSYoungGen      total 305664K, used 26255K [0x00000000eab00000, 0x0000000100000000, 0x0000000100000000)
  eden space 262144K, 0% used [0x00000000eab00000,0x00000000eab00000,0x00000000fab00000)
  from space 43520K, 60% used [0x00000000fab00000,0x00000000fc4a3f60,0x00000000fd580000)
  to   space 43520K, 0% used [0x00000000fd580000,0x00000000fd580000,0x0000000100000000)
 ParOldGen       total 699392K, used 28170K [0x00000000c0000000, 0x00000000eab00000, 0x00000000eab00000)
  object space 699392K, 4% used [0x00000000c0000000,0x00000000c1b82be0,0x00000000eab00000)
 Metaspace       used 20426K, capacity 20719K, committed 20864K, reserved 1067008K
  class space    used 2290K, capacity 2376K, committed 2432K, reserved 1048576K
}
Event: 36.830 GC heap before
{Heap before GC invocations=6 (full 3):
 PSYoungGen      total 305664K, used 26255K [0x00000000eab00000, 0x0000000100000000, 0x0000000100000000)
  eden space 262144K, 0% used [0x00000000eab00000,0x00000000eab00000,0x00000000fab00000)
  from space 43520K, 60% used [0x00000000fab00000,0x00000000fc4a3f60,0x00000000fd580000)
  to   space 43520K, 0% used [0x00000000fd580000,0x00000000fd580000,0x0000000100000000)
 ParOldGen       total 699392K, used 28170K [0x00000000c0000000, 0x00000000eab00000, 0x00000000eab00000)
  object space 699392K, 4% used [0x00000000c0000000,0x00000000c1b82be0,0x00000000eab00000)
 Metaspace       used 20426K, capacity 20719K, committed 20864K, reserved 1067008K
  class space    used 2290K, capacity 2376K, committed 2432K, reserved 1048576K
Event: 37.021 GC heap after
Heap after GC invocations=6 (full 3):
 PSYoungGen      total 305664K, used 0K [0x00000000eab00000, 0x0000000100000000, 0x0000000100000000)
  eden space 262144K, 0% used [0x00000000eab00000,0x00000000eab00000,0x00000000fab00000)
  from space 43520K, 0% used [0x00000000fab00000,0x00000000fab00000,0x00000000fd580000)
  to   space 43520K, 0% used [0x00000000fd580000,0x00000000fd580000,0x0000000100000000)
 ParOldGen       total 699392K, used 53103K [0x00000000c0000000, 0x00000000eab00000, 0x00000000eab00000)
  object space 699392K, 7% used [0x00000000c0000000,0x00000000c33dbea8,0x00000000eab00000)
 Metaspace       used 20426K, capacity 20719K, committed 20864K, reserved 1067008K
  class space    used 2290K, capacity 2376K, committed 2432K, reserved 1048576K
}

